Wed Jun 11 16:29:16 2025 200 GET /book/1
Wed Jun 11 16:29:18 2025 404 GET /book/2
Wed Jun 11 16:29:19 2025 404 GET /book/3
Wed Jun 11 16:29:20 2025 404 GET /book/4
Wed Jun 11 16:29:22 2025 404 GET /book/5
Wed Jun 11 16:29:24 2025 400 GET /book/id
Wed Jun 11 16:29:50 2025 400 GET /book/id
Wed Jun 11 16:29:52 2025 200 GET /book/1
Wed Jun 11 18:26:13 2025 404 GET /book/33
Wed Jun 11 18:26:18 2025 200 GET /book/1
Wed Jun 11 18:26:28 2025 404 GET /book/name/Book
Wed Jun 11 18:27:09 2025 404 GET /book/name/Book1
Wed Jun 11 18:28:38 2025 404 GET /book/name/Book 1
Wed Jun 11 18:30:11 2025 200 GET /book/1
Wed Jun 11 18:31:00 2025 200 GET /book/name/Book 1
Wed Jun 11 20:19:27 2025 200 GET /book/1
Wed Jun 11 20:23:36 2025 200 GET /book/author/Author 1
Wed Jun 11 20:46:18 2025 200 GET /book/author/Author 1
Wed Jun 11 20:46:20 2025 200 GET /book/author/Author 2
Thu Jun 12 12:28:44 2025 404 POST /book/
Thu Jun 12 12:28:55 2025 404 POST /book/
Thu Jun 12 12:31:54 2025 500 POST /book/
Thu Jun 12 12:32:18 2025 500 POST /book/
Thu Jun 12 12:34:19 2025 500 POST /book/
Thu Jun 12 12:38:06 2025 500 POST /book/
Thu Jun 12 12:38:17 2025 500 POST /book/
Thu Jun 12 12:38:22 2025 500 POST /book/
Thu Jun 12 12:40:48 2025 500 POST /book/
Thu Jun 12 12:41:50 2025 200 POST /book/
